<?xml version="1.0" encoding="UTF-8"?>
<testsuite xmlns:xsi="http://www.w3.org/2001/XMLSchema-instance" xsi:noNamespaceSchemaLocation="https://maven.apache.org/surefire/maven-surefire-plugin/xsd/surefire-test-report-3.0.xsd" version="3.0" name="com.nhnacademy.shoppingmall.repository.UserRepositoryTest" time="0.609" tests="2" errors="0" skipped="0" failures="0">
  <properties>
    <property name="java.specification.version" value="17"/>
    <property name="sonar.login" value="162d8ef784b10c750aa80f487e3675e01e7cafb4"/>
    <property name="sonar.host.url" value="http://133.186.244.96:9000"/>
    <property name="sun.jnu.encoding" value="UTF-8"/>
    <property name="java.class.path" value="/home/nhnacademy/다운로드/쇼핑몰2/shoppingmall-api/target/test-classes:/home/nhnacademy/다운로드/쇼핑몰2/shoppingmall-api/target/classes:/home/nhnacademy/.m2/repository/org/springframework/boot/spring-boot-starter-web/2.7.18/spring-boot-starter-web-2.7.18.jar:/home/nhnacademy/.m2/repository/org/springframework/boot/spring-boot-starter/2.7.18/spring-boot-starter-2.7.18.jar:/home/nhnacademy/.m2/repository/org/springframework/boot/spring-boot-starter-logging/2.7.18/spring-boot-starter-logging-2.7.18.jar:/home/nhnacademy/.m2/repository/ch/qos/logback/logback-classic/1.2.12/logback-classic-1.2.12.jar:/home/nhnacademy/.m2/repository/ch/qos/logback/logback-core/1.2.12/logback-core-1.2.12.jar:/home/nhnacademy/.m2/repository/org/apache/logging/log4j/log4j-to-slf4j/2.17.2/log4j-to-slf4j-2.17.2.jar:/home/nhnacademy/.m2/repository/org/apache/logging/log4j/log4j-api/2.17.2/log4j-api-2.17.2.jar:/home/nhnacademy/.m2/repository/org/slf4j/jul-to-slf4j/1.7.36/jul-to-slf4j-1.7.36.jar:/home/nhnacademy/.m2/repository/jakarta/annotation/jakarta.annotation-api/1.3.5/jakarta.annotation-api-1.3.5.jar:/home/nhnacademy/.m2/repository/org/yaml/snakeyaml/1.30/snakeyaml-1.30.jar:/home/nhnacademy/.m2/repository/org/springframework/boot/spring-boot-starter-json/2.7.18/spring-boot-starter-json-2.7.18.jar:/home/nhnacademy/.m2/repository/com/fasterxml/jackson/datatype/jackson-datatype-jdk8/2.13.5/jackson-datatype-jdk8-2.13.5.jar:/home/nhnacademy/.m2/repository/com/fasterxml/jackson/datatype/jackson-datatype-jsr310/2.13.5/jackson-datatype-jsr310-2.13.5.jar:/home/nhnacademy/.m2/repository/com/fasterxml/jackson/module/jackson-module-parameter-names/2.13.5/jackson-module-parameter-names-2.13.5.jar:/home/nhnacademy/.m2/repository/org/springframework/boot/spring-boot-starter-tomcat/2.7.18/spring-boot-starter-tomcat-2.7.18.jar:/home/nhnacademy/.m2/repository/org/apache/tomcat/embed/tomcat-embed-core/9.0.83/tomcat-embed-core-9.0.83.jar:/home/nhnacademy/.m2/repository/org/apache/tomcat/embed/tomcat-embed-el/9.0.83/tomcat-embed-el-9.0.83.jar:/home/nhnacademy/.m2/repository/org/apache/tomcat/embed/tomcat-embed-websocket/9.0.83/tomcat-embed-websocket-9.0.83.jar:/home/nhnacademy/.m2/repository/org/springframework/spring-web/5.3.31/spring-web-5.3.31.jar:/home/nhnacademy/.m2/repository/org/springframework/spring-beans/5.3.31/spring-beans-5.3.31.jar:/home/nhnacademy/.m2/repository/org/springframework/spring-webmvc/5.3.31/spring-webmvc-5.3.31.jar:/home/nhnacademy/.m2/repository/org/springframework/spring-aop/5.3.31/spring-aop-5.3.31.jar:/home/nhnacademy/.m2/repository/org/springframework/spring-context/5.3.31/spring-context-5.3.31.jar:/home/nhnacademy/.m2/repository/org/springframework/spring-expression/5.3.31/spring-expression-5.3.31.jar:/home/nhnacademy/.m2/repository/org/springframework/boot/spring-boot-starter-data-jpa/2.7.18/spring-boot-starter-data-jpa-2.7.18.jar:/home/nhnacademy/.m2/repository/org/springframework/boot/spring-boot-starter-aop/2.7.18/spring-boot-starter-aop-2.7.18.jar:/home/nhnacademy/.m2/repository/org/aspectj/aspectjweaver/1.9.7/aspectjweaver-1.9.7.jar:/home/nhnacademy/.m2/repository/org/springframework/boot/spring-boot-starter-jdbc/2.7.18/spring-boot-starter-jdbc-2.7.18.jar:/home/nhnacademy/.m2/repository/com/zaxxer/HikariCP/4.0.3/HikariCP-4.0.3.jar:/home/nhnacademy/.m2/repository/org/springframework/spring-jdbc/5.3.31/spring-jdbc-5.3.31.jar:/home/nhnacademy/.m2/repository/jakarta/transaction/jakarta.transaction-api/1.3.3/jakarta.transaction-api-1.3.3.jar:/home/nhnacademy/.m2/repository/jakarta/persistence/jakarta.persistence-api/2.2.3/jakarta.persistence-api-2.2.3.jar:/home/nhnacademy/.m2/repository/org/hibernate/hibernate-core/5.6.15.Final/hibernate-core-5.6.15.Final.jar:/home/nhnacademy/.m2/repository/org/jboss/logging/jboss-logging/3.4.3.Final/jboss-logging-3.4.3.Final.jar:/home/nhnacademy/.m2/repository/net/bytebuddy/byte-buddy/1.12.23/byte-buddy-1.12.23.jar:/home/nhnacademy/.m2/repository/antlr/antlr/2.7.7/antlr-2.7.7.jar:/home/nhnacademy/.m2/repository/org/jboss/jandex/2.4.2.Final/jandex-2.4.2.Final.jar:/home/nhnacademy/.m2/repository/com/fasterxml/classmate/1.5.1/classmate-1.5.1.jar:/home/nhnacademy/.m2/repository/org/hibernate/common/hibernate-commons-annotations/5.1.2.Final/hibernate-commons-annotations-5.1.2.Final.jar:/home/nhnacademy/.m2/repository/org/glassfish/jaxb/jaxb-runtime/2.3.9/jaxb-runtime-2.3.9.jar:/home/nhnacademy/.m2/repository/org/glassfish/jaxb/txw2/2.3.9/txw2-2.3.9.jar:/home/nhnacademy/.m2/repository/com/sun/istack/istack-commons-runtime/3.0.12/istack-commons-runtime-3.0.12.jar:/home/nhnacademy/.m2/repository/com/sun/activation/jakarta.activation/1.2.2/jakarta.activation-1.2.2.jar:/home/nhnacademy/.m2/repository/org/springframework/data/spring-data-jpa/2.7.18/spring-data-jpa-2.7.18.jar:/home/nhnacademy/.m2/repository/org/springframework/data/spring-data-commons/2.7.18/spring-data-commons-2.7.18.jar:/home/nhnacademy/.m2/repository/org/springframework/spring-orm/5.3.31/spring-orm-5.3.31.jar:/home/nhnacademy/.m2/repository/org/springframework/spring-tx/5.3.31/spring-tx-5.3.31.jar:/home/nhnacademy/.m2/repository/org/slf4j/slf4j-api/1.7.36/slf4j-api-1.7.36.jar:/home/nhnacademy/.m2/repository/org/springframework/spring-aspects/5.3.31/spring-aspects-5.3.31.jar:/home/nhnacademy/.m2/repository/org/springframework/boot/spring-boot-devtools/2.7.18/spring-boot-devtools-2.7.18.jar:/home/nhnacademy/.m2/repository/org/springframework/boot/spring-boot/2.7.18/spring-boot-2.7.18.jar:/home/nhnacademy/.m2/repository/org/springframework/boot/spring-boot-autoconfigure/2.7.18/spring-boot-autoconfigure-2.7.18.jar:/home/nhnacademy/.m2/repository/org/projectlombok/lombok/1.18.30/lombok-1.18.30.jar:/home/nhnacademy/.m2/repository/org/springframework/boot/spring-boot-starter-test/2.7.18/spring-boot-starter-test-2.7.18.jar:/home/nhnacademy/.m2/repository/org/springframework/boot/spring-boot-test/2.7.18/spring-boot-test-2.7.18.jar:/home/nhnacademy/.m2/repository/org/springframework/boot/spring-boot-test-autoconfigure/2.7.18/spring-boot-test-autoconfigure-2.7.18.jar:/home/nhnacademy/.m2/repository/com/jayway/jsonpath/json-path/2.7.0/json-path-2.7.0.jar:/home/nhnacademy/.m2/repository/net/minidev/json-smart/2.4.11/json-smart-2.4.11.jar:/home/nhnacademy/.m2/repository/net/minidev/accessors-smart/2.4.11/accessors-smart-2.4.11.jar:/home/nhnacademy/.m2/repository/org/ow2/asm/asm/9.3/asm-9.3.jar:/home/nhnacademy/.m2/repository/jakarta/xml/bind/jakarta.xml.bind-api/2.3.3/jakarta.xml.bind-api-2.3.3.jar:/home/nhnacademy/.m2/repository/jakarta/activation/jakarta.activation-api/1.2.2/jakarta.activation-api-1.2.2.jar:/home/nhnacademy/.m2/repository/org/assertj/assertj-core/3.22.0/assertj-core-3.22.0.jar:/home/nhnacademy/.m2/repository/org/hamcrest/hamcrest/2.2/hamcrest-2.2.jar:/home/nhnacademy/.m2/repository/org/junit/jupiter/junit-jupiter/5.8.2/junit-jupiter-5.8.2.jar:/home/nhnacademy/.m2/repository/org/junit/jupiter/junit-jupiter-api/5.8.2/junit-jupiter-api-5.8.2.jar:/home/nhnacademy/.m2/repository/org/opentest4j/opentest4j/1.2.0/opentest4j-1.2.0.jar:/home/nhnacademy/.m2/repository/org/junit/platform/junit-platform-commons/1.8.2/junit-platform-commons-1.8.2.jar:/home/nhnacademy/.m2/repository/org/apiguardian/apiguardian-api/1.1.2/apiguardian-api-1.1.2.jar:/home/nhnacademy/.m2/repository/org/junit/jupiter/junit-jupiter-params/5.8.2/junit-jupiter-params-5.8.2.jar:/home/nhnacademy/.m2/repository/org/junit/jupiter/junit-jupiter-engine/5.8.2/junit-jupiter-engine-5.8.2.jar:/home/nhnacademy/.m2/repository/org/junit/platform/junit-platform-engine/1.8.2/junit-platform-engine-1.8.2.jar:/home/nhnacademy/.m2/repository/org/mockito/mockito-core/4.5.1/mockito-core-4.5.1.jar:/home/nhnacademy/.m2/repository/net/bytebuddy/byte-buddy-agent/1.12.23/byte-buddy-agent-1.12.23.jar:/home/nhnacademy/.m2/repository/org/objenesis/objenesis/3.2/objenesis-3.2.jar:/home/nhnacademy/.m2/repository/org/mockito/mockito-junit-jupiter/4.5.1/mockito-junit-jupiter-4.5.1.jar:/home/nhnacademy/.m2/repository/org/skyscreamer/jsonassert/1.5.1/jsonassert-1.5.1.jar:/home/nhnacademy/.m2/repository/com/vaadin/external/google/android-json/0.0.20131108.vaadin1/android-json-0.0.20131108.vaadin1.jar:/home/nhnacademy/.m2/repository/org/springframework/spring-core/5.3.31/spring-core-5.3.31.jar:/home/nhnacademy/.m2/repository/org/springframework/spring-jcl/5.3.31/spring-jcl-5.3.31.jar:/home/nhnacademy/.m2/repository/org/springframework/spring-test/5.3.31/spring-test-5.3.31.jar:/home/nhnacademy/.m2/repository/org/xmlunit/xmlunit-core/2.9.1/xmlunit-core-2.9.1.jar:/home/nhnacademy/.m2/repository/com/fasterxml/jackson/dataformat/jackson-dataformat-xml/2.14.2/jackson-dataformat-xml-2.14.2.jar:/home/nhnacademy/.m2/repository/com/fasterxml/jackson/core/jackson-core/2.13.5/jackson-core-2.13.5.jar:/home/nhnacademy/.m2/repository/com/fasterxml/jackson/core/jackson-annotations/2.13.5/jackson-annotations-2.13.5.jar:/home/nhnacademy/.m2/repository/com/fasterxml/jackson/core/jackson-databind/2.13.5/jackson-databind-2.13.5.jar:/home/nhnacademy/.m2/repository/org/codehaus/woodstox/stax2-api/4.2.1/stax2-api-4.2.1.jar:/home/nhnacademy/.m2/repository/com/fasterxml/woodstox/woodstox-core/6.5.0/woodstox-core-6.5.0.jar:/home/nhnacademy/.m2/repository/com/h2database/h2/2.1.214/h2-2.1.214.jar:/home/nhnacademy/.m2/repository/org/apache/commons/commons-dbcp2/2.9.0/commons-dbcp2-2.9.0.jar:/home/nhnacademy/.m2/repository/org/apache/commons/commons-pool2/2.11.1/commons-pool2-2.11.1.jar:/home/nhnacademy/.m2/repository/com/querydsl/querydsl-apt/5.0.0/querydsl-apt-5.0.0.jar:/home/nhnacademy/.m2/repository/com/querydsl/querydsl-codegen/5.0.0/querydsl-codegen-5.0.0.jar:/home/nhnacademy/.m2/repository/com/querydsl/codegen-utils/5.0.0/codegen-utils-5.0.0.jar:/home/nhnacademy/.m2/repository/org/eclipse/jdt/ecj/3.26.0/ecj-3.26.0.jar:/home/nhnacademy/.m2/repository/javax/inject/javax.inject/1/javax.inject-1.jar:/home/nhnacademy/.m2/repository/com/querydsl/querydsl-jpa/5.0.0/querydsl-jpa-5.0.0.jar:/home/nhnacademy/.m2/repository/com/querydsl/querydsl-core/5.0.0/querydsl-core-5.0.0.jar:/home/nhnacademy/.m2/repository/com/mysema/commons/mysema-commons-lang/0.2.4/mysema-commons-lang-0.2.4.jar:/home/nhnacademy/.m2/repository/com/mysql/mysql-connector-j/8.0.33/mysql-connector-j-8.0.33.jar:/home/nhnacademy/.m2/repository/org/springdoc/springdoc-openapi-ui/1.6.12/springdoc-openapi-ui-1.6.12.jar:/home/nhnacademy/.m2/repository/org/springdoc/springdoc-openapi-webmvc-core/1.6.12/springdoc-openapi-webmvc-core-1.6.12.jar:/home/nhnacademy/.m2/repository/org/springdoc/springdoc-openapi-common/1.6.12/springdoc-openapi-common-1.6.12.jar:/home/nhnacademy/.m2/repository/io/swagger/core/v3/swagger-core/2.2.4/swagger-core-2.2.4.jar:/home/nhnacademy/.m2/repository/org/apache/commons/commons-lang3/3.12.0/commons-lang3-3.12.0.jar:/home/nhnacademy/.m2/repository/com/fasterxml/jackson/dataformat/jackson-dataformat-yaml/2.13.5/jackson-dataformat-yaml-2.13.5.jar:/home/nhnacademy/.m2/repository/io/swagger/core/v3/swagger-annotations/2.2.4/swagger-annotations-2.2.4.jar:/home/nhnacademy/.m2/repository/io/swagger/core/v3/swagger-models/2.2.4/swagger-models-2.2.4.jar:/home/nhnacademy/.m2/repository/jakarta/validation/jakarta.validation-api/2.0.2/jakarta.validation-api-2.0.2.jar:/home/nhnacademy/.m2/repository/org/webjars/swagger-ui/4.14.3/swagger-ui-4.14.3.jar:/home/nhnacademy/.m2/repository/org/webjars/webjars-locator-core/0.50/webjars-locator-core-0.50.jar:/home/nhnacademy/.m2/repository/io/github/classgraph/classgraph/4.8.149/classgraph-4.8.149.jar:"/>
    <property name="java.vm.vendor" value="JetBrains s.r.o."/>
    <property name="sun.arch.data.model" value="64"/>
    <property name="java.vendor.url" value="https://openjdk.java.net/"/>
    <property name="user.timezone" value="Asia/Seoul"/>
    <property name="os.name" value="Linux"/>
    <property name="java.vm.specification.version" value="17"/>
    <property name="sun.java.launcher" value="SUN_STANDARD"/>
    <property name="user.country" value="KR"/>
    <property name="sun.boot.library.path" value="/home/nhnacademy/.jdks/jbr-17.0.9/lib"/>
    <property name="sun.java.command" value="/home/nhnacademy/다운로드/쇼핑몰2/shoppingmall-api/target/surefire/surefirebooter-20240307202323583_3.jar /home/nhnacademy/다운로드/쇼핑몰2/shoppingmall-api/target/surefire 2024-03-07T20-23-23_473-jvmRun1 surefire-20240307202323583_1tmp surefire_0-20240307202323583_2tmp"/>
    <property name="jdk.debug" value="release"/>
    <property name="surefire.test.class.path" value="/home/nhnacademy/다운로드/쇼핑몰2/shoppingmall-api/target/test-classes:/home/nhnacademy/다운로드/쇼핑몰2/shoppingmall-api/target/classes:/home/nhnacademy/.m2/repository/org/springframework/boot/spring-boot-starter-web/2.7.18/spring-boot-starter-web-2.7.18.jar:/home/nhnacademy/.m2/repository/org/springframework/boot/spring-boot-starter/2.7.18/spring-boot-starter-2.7.18.jar:/home/nhnacademy/.m2/repository/org/springframework/boot/spring-boot-starter-logging/2.7.18/spring-boot-starter-logging-2.7.18.jar:/home/nhnacademy/.m2/repository/ch/qos/logback/logback-classic/1.2.12/logback-classic-1.2.12.jar:/home/nhnacademy/.m2/repository/ch/qos/logback/logback-core/1.2.12/logback-core-1.2.12.jar:/home/nhnacademy/.m2/repository/org/apache/logging/log4j/log4j-to-slf4j/2.17.2/log4j-to-slf4j-2.17.2.jar:/home/nhnacademy/.m2/repository/org/apache/logging/log4j/log4j-api/2.17.2/log4j-api-2.17.2.jar:/home/nhnacademy/.m2/repository/org/slf4j/jul-to-slf4j/1.7.36/jul-to-slf4j-1.7.36.jar:/home/nhnacademy/.m2/repository/jakarta/annotation/jakarta.annotation-api/1.3.5/jakarta.annotation-api-1.3.5.jar:/home/nhnacademy/.m2/repository/org/yaml/snakeyaml/1.30/snakeyaml-1.30.jar:/home/nhnacademy/.m2/repository/org/springframework/boot/spring-boot-starter-json/2.7.18/spring-boot-starter-json-2.7.18.jar:/home/nhnacademy/.m2/repository/com/fasterxml/jackson/datatype/jackson-datatype-jdk8/2.13.5/jackson-datatype-jdk8-2.13.5.jar:/home/nhnacademy/.m2/repository/com/fasterxml/jackson/datatype/jackson-datatype-jsr310/2.13.5/jackson-datatype-jsr310-2.13.5.jar:/home/nhnacademy/.m2/repository/com/fasterxml/jackson/module/jackson-module-parameter-names/2.13.5/jackson-module-parameter-names-2.13.5.jar:/home/nhnacademy/.m2/repository/org/springframework/boot/spring-boot-starter-tomcat/2.7.18/spring-boot-starter-tomcat-2.7.18.jar:/home/nhnacademy/.m2/repository/org/apache/tomcat/embed/tomcat-embed-core/9.0.83/tomcat-embed-core-9.0.83.jar:/home/nhnacademy/.m2/repository/org/apache/tomcat/embed/tomcat-embed-el/9.0.83/tomcat-embed-el-9.0.83.jar:/home/nhnacademy/.m2/repository/org/apache/tomcat/embed/tomcat-embed-websocket/9.0.83/tomcat-embed-websocket-9.0.83.jar:/home/nhnacademy/.m2/repository/org/springframework/spring-web/5.3.31/spring-web-5.3.31.jar:/home/nhnacademy/.m2/repository/org/springframework/spring-beans/5.3.31/spring-beans-5.3.31.jar:/home/nhnacademy/.m2/repository/org/springframework/spring-webmvc/5.3.31/spring-webmvc-5.3.31.jar:/home/nhnacademy/.m2/repository/org/springframework/spring-aop/5.3.31/spring-aop-5.3.31.jar:/home/nhnacademy/.m2/repository/org/springframework/spring-context/5.3.31/spring-context-5.3.31.jar:/home/nhnacademy/.m2/repository/org/springframework/spring-expression/5.3.31/spring-expression-5.3.31.jar:/home/nhnacademy/.m2/repository/org/springframework/boot/spring-boot-starter-data-jpa/2.7.18/spring-boot-starter-data-jpa-2.7.18.jar:/home/nhnacademy/.m2/repository/org/springframework/boot/spring-boot-starter-aop/2.7.18/spring-boot-starter-aop-2.7.18.jar:/home/nhnacademy/.m2/repository/org/aspectj/aspectjweaver/1.9.7/aspectjweaver-1.9.7.jar:/home/nhnacademy/.m2/repository/org/springframework/boot/spring-boot-starter-jdbc/2.7.18/spring-boot-starter-jdbc-2.7.18.jar:/home/nhnacademy/.m2/repository/com/zaxxer/HikariCP/4.0.3/HikariCP-4.0.3.jar:/home/nhnacademy/.m2/repository/org/springframework/spring-jdbc/5.3.31/spring-jdbc-5.3.31.jar:/home/nhnacademy/.m2/repository/jakarta/transaction/jakarta.transaction-api/1.3.3/jakarta.transaction-api-1.3.3.jar:/home/nhnacademy/.m2/repository/jakarta/persistence/jakarta.persistence-api/2.2.3/jakarta.persistence-api-2.2.3.jar:/home/nhnacademy/.m2/repository/org/hibernate/hibernate-core/5.6.15.Final/hibernate-core-5.6.15.Final.jar:/home/nhnacademy/.m2/repository/org/jboss/logging/jboss-logging/3.4.3.Final/jboss-logging-3.4.3.Final.jar:/home/nhnacademy/.m2/repository/net/bytebuddy/byte-buddy/1.12.23/byte-buddy-1.12.23.jar:/home/nhnacademy/.m2/repository/antlr/antlr/2.7.7/antlr-2.7.7.jar:/home/nhnacademy/.m2/repository/org/jboss/jandex/2.4.2.Final/jandex-2.4.2.Final.jar:/home/nhnacademy/.m2/repository/com/fasterxml/classmate/1.5.1/classmate-1.5.1.jar:/home/nhnacademy/.m2/repository/org/hibernate/common/hibernate-commons-annotations/5.1.2.Final/hibernate-commons-annotations-5.1.2.Final.jar:/home/nhnacademy/.m2/repository/org/glassfish/jaxb/jaxb-runtime/2.3.9/jaxb-runtime-2.3.9.jar:/home/nhnacademy/.m2/repository/org/glassfish/jaxb/txw2/2.3.9/txw2-2.3.9.jar:/home/nhnacademy/.m2/repository/com/sun/istack/istack-commons-runtime/3.0.12/istack-commons-runtime-3.0.12.jar:/home/nhnacademy/.m2/repository/com/sun/activation/jakarta.activation/1.2.2/jakarta.activation-1.2.2.jar:/home/nhnacademy/.m2/repository/org/springframework/data/spring-data-jpa/2.7.18/spring-data-jpa-2.7.18.jar:/home/nhnacademy/.m2/repository/org/springframework/data/spring-data-commons/2.7.18/spring-data-commons-2.7.18.jar:/home/nhnacademy/.m2/repository/org/springframework/spring-orm/5.3.31/spring-orm-5.3.31.jar:/home/nhnacademy/.m2/repository/org/springframework/spring-tx/5.3.31/spring-tx-5.3.31.jar:/home/nhnacademy/.m2/repository/org/slf4j/slf4j-api/1.7.36/slf4j-api-1.7.36.jar:/home/nhnacademy/.m2/repository/org/springframework/spring-aspects/5.3.31/spring-aspects-5.3.31.jar:/home/nhnacademy/.m2/repository/org/springframework/boot/spring-boot-devtools/2.7.18/spring-boot-devtools-2.7.18.jar:/home/nhnacademy/.m2/repository/org/springframework/boot/spring-boot/2.7.18/spring-boot-2.7.18.jar:/home/nhnacademy/.m2/repository/org/springframework/boot/spring-boot-autoconfigure/2.7.18/spring-boot-autoconfigure-2.7.18.jar:/home/nhnacademy/.m2/repository/org/projectlombok/lombok/1.18.30/lombok-1.18.30.jar:/home/nhnacademy/.m2/repository/org/springframework/boot/spring-boot-starter-test/2.7.18/spring-boot-starter-test-2.7.18.jar:/home/nhnacademy/.m2/repository/org/springframework/boot/spring-boot-test/2.7.18/spring-boot-test-2.7.18.jar:/home/nhnacademy/.m2/repository/org/springframework/boot/spring-boot-test-autoconfigure/2.7.18/spring-boot-test-autoconfigure-2.7.18.jar:/home/nhnacademy/.m2/repository/com/jayway/jsonpath/json-path/2.7.0/json-path-2.7.0.jar:/home/nhnacademy/.m2/repository/net/minidev/json-smart/2.4.11/json-smart-2.4.11.jar:/home/nhnacademy/.m2/repository/net/minidev/accessors-smart/2.4.11/accessors-smart-2.4.11.jar:/home/nhnacademy/.m2/repository/org/ow2/asm/asm/9.3/asm-9.3.jar:/home/nhnacademy/.m2/repository/jakarta/xml/bind/jakarta.xml.bind-api/2.3.3/jakarta.xml.bind-api-2.3.3.jar:/home/nhnacademy/.m2/repository/jakarta/activation/jakarta.activation-api/1.2.2/jakarta.activation-api-1.2.2.jar:/home/nhnacademy/.m2/repository/org/assertj/assertj-core/3.22.0/assertj-core-3.22.0.jar:/home/nhnacademy/.m2/repository/org/hamcrest/hamcrest/2.2/hamcrest-2.2.jar:/home/nhnacademy/.m2/repository/org/junit/jupiter/junit-jupiter/5.8.2/junit-jupiter-5.8.2.jar:/home/nhnacademy/.m2/repository/org/junit/jupiter/junit-jupiter-api/5.8.2/junit-jupiter-api-5.8.2.jar:/home/nhnacademy/.m2/repository/org/opentest4j/opentest4j/1.2.0/opentest4j-1.2.0.jar:/home/nhnacademy/.m2/repository/org/junit/platform/junit-platform-commons/1.8.2/junit-platform-commons-1.8.2.jar:/home/nhnacademy/.m2/repository/org/apiguardian/apiguardian-api/1.1.2/apiguardian-api-1.1.2.jar:/home/nhnacademy/.m2/repository/org/junit/jupiter/junit-jupiter-params/5.8.2/junit-jupiter-params-5.8.2.jar:/home/nhnacademy/.m2/repository/org/junit/jupiter/junit-jupiter-engine/5.8.2/junit-jupiter-engine-5.8.2.jar:/home/nhnacademy/.m2/repository/org/junit/platform/junit-platform-engine/1.8.2/junit-platform-engine-1.8.2.jar:/home/nhnacademy/.m2/repository/org/mockito/mockito-core/4.5.1/mockito-core-4.5.1.jar:/home/nhnacademy/.m2/repository/net/bytebuddy/byte-buddy-agent/1.12.23/byte-buddy-agent-1.12.23.jar:/home/nhnacademy/.m2/repository/org/objenesis/objenesis/3.2/objenesis-3.2.jar:/home/nhnacademy/.m2/repository/org/mockito/mockito-junit-jupiter/4.5.1/mockito-junit-jupiter-4.5.1.jar:/home/nhnacademy/.m2/repository/org/skyscreamer/jsonassert/1.5.1/jsonassert-1.5.1.jar:/home/nhnacademy/.m2/repository/com/vaadin/external/google/android-json/0.0.20131108.vaadin1/android-json-0.0.20131108.vaadin1.jar:/home/nhnacademy/.m2/repository/org/springframework/spring-core/5.3.31/spring-core-5.3.31.jar:/home/nhnacademy/.m2/repository/org/springframework/spring-jcl/5.3.31/spring-jcl-5.3.31.jar:/home/nhnacademy/.m2/repository/org/springframework/spring-test/5.3.31/spring-test-5.3.31.jar:/home/nhnacademy/.m2/repository/org/xmlunit/xmlunit-core/2.9.1/xmlunit-core-2.9.1.jar:/home/nhnacademy/.m2/repository/com/fasterxml/jackson/dataformat/jackson-dataformat-xml/2.14.2/jackson-dataformat-xml-2.14.2.jar:/home/nhnacademy/.m2/repository/com/fasterxml/jackson/core/jackson-core/2.13.5/jackson-core-2.13.5.jar:/home/nhnacademy/.m2/repository/com/fasterxml/jackson/core/jackson-annotations/2.13.5/jackson-annotations-2.13.5.jar:/home/nhnacademy/.m2/repository/com/fasterxml/jackson/core/jackson-databind/2.13.5/jackson-databind-2.13.5.jar:/home/nhnacademy/.m2/repository/org/codehaus/woodstox/stax2-api/4.2.1/stax2-api-4.2.1.jar:/home/nhnacademy/.m2/repository/com/fasterxml/woodstox/woodstox-core/6.5.0/woodstox-core-6.5.0.jar:/home/nhnacademy/.m2/repository/com/h2database/h2/2.1.214/h2-2.1.214.jar:/home/nhnacademy/.m2/repository/org/apache/commons/commons-dbcp2/2.9.0/commons-dbcp2-2.9.0.jar:/home/nhnacademy/.m2/repository/org/apache/commons/commons-pool2/2.11.1/commons-pool2-2.11.1.jar:/home/nhnacademy/.m2/repository/com/querydsl/querydsl-apt/5.0.0/querydsl-apt-5.0.0.jar:/home/nhnacademy/.m2/repository/com/querydsl/querydsl-codegen/5.0.0/querydsl-codegen-5.0.0.jar:/home/nhnacademy/.m2/repository/com/querydsl/codegen-utils/5.0.0/codegen-utils-5.0.0.jar:/home/nhnacademy/.m2/repository/org/eclipse/jdt/ecj/3.26.0/ecj-3.26.0.jar:/home/nhnacademy/.m2/repository/javax/inject/javax.inject/1/javax.inject-1.jar:/home/nhnacademy/.m2/repository/com/querydsl/querydsl-jpa/5.0.0/querydsl-jpa-5.0.0.jar:/home/nhnacademy/.m2/repository/com/querydsl/querydsl-core/5.0.0/querydsl-core-5.0.0.jar:/home/nhnacademy/.m2/repository/com/mysema/commons/mysema-commons-lang/0.2.4/mysema-commons-lang-0.2.4.jar:/home/nhnacademy/.m2/repository/com/mysql/mysql-connector-j/8.0.33/mysql-connector-j-8.0.33.jar:/home/nhnacademy/.m2/repository/org/springdoc/springdoc-openapi-ui/1.6.12/springdoc-openapi-ui-1.6.12.jar:/home/nhnacademy/.m2/repository/org/springdoc/springdoc-openapi-webmvc-core/1.6.12/springdoc-openapi-webmvc-core-1.6.12.jar:/home/nhnacademy/.m2/repository/org/springdoc/springdoc-openapi-common/1.6.12/springdoc-openapi-common-1.6.12.jar:/home/nhnacademy/.m2/repository/io/swagger/core/v3/swagger-core/2.2.4/swagger-core-2.2.4.jar:/home/nhnacademy/.m2/repository/org/apache/commons/commons-lang3/3.12.0/commons-lang3-3.12.0.jar:/home/nhnacademy/.m2/repository/com/fasterxml/jackson/dataformat/jackson-dataformat-yaml/2.13.5/jackson-dataformat-yaml-2.13.5.jar:/home/nhnacademy/.m2/repository/io/swagger/core/v3/swagger-annotations/2.2.4/swagger-annotations-2.2.4.jar:/home/nhnacademy/.m2/repository/io/swagger/core/v3/swagger-models/2.2.4/swagger-models-2.2.4.jar:/home/nhnacademy/.m2/repository/jakarta/validation/jakarta.validation-api/2.0.2/jakarta.validation-api-2.0.2.jar:/home/nhnacademy/.m2/repository/org/webjars/swagger-ui/4.14.3/swagger-ui-4.14.3.jar:/home/nhnacademy/.m2/repository/org/webjars/webjars-locator-core/0.50/webjars-locator-core-0.50.jar:/home/nhnacademy/.m2/repository/io/github/classgraph/classgraph/4.8.149/classgraph-4.8.149.jar:"/>
    <property name="sun.cpu.endian" value="little"/>
    <property name="user.home" value="/home/nhnacademy"/>
    <property name="user.language" value="ko"/>
    <property name="java.specification.vendor" value="Oracle Corporation"/>
    <property name="java.version.date" value="2023-10-17"/>
    <property name="java.home" value="/home/nhnacademy/.jdks/jbr-17.0.9"/>
    <property name="file.separator" value="/"/>
    <property name="basedir" value="/home/nhnacademy/다운로드/쇼핑몰2/shoppingmall-api"/>
    <property name="java.vm.compressedOopsMode" value="Zero based"/>
    <property name="line.separator" value="&#10;"/>
    <property name="java.vm.specification.vendor" value="Oracle Corporation"/>
    <property name="java.specification.name" value="Java Platform API Specification"/>
    <property name="FILE_LOG_CHARSET" value="UTF-8"/>
    <property name="java.awt.headless" value="true"/>
    <property name="jbr.virtualization.information" value="No virtualization detected"/>
    <property name="surefire.real.class.path" value="/home/nhnacademy/다운로드/쇼핑몰2/shoppingmall-api/target/surefire/surefirebooter-20240307202323583_3.jar"/>
    <property name="sun.management.compiler" value="HotSpot 64-Bit Tiered Compilers"/>
    <property name="java.runtime.version" value="17.0.9+8-b1166.2"/>
    <property name="user.name" value="nhnacademy"/>
    <property name="path.separator" value=":"/>
    <property name="os.version" value="6.5.0-21-generic"/>
    <property name="java.runtime.name" value="OpenJDK Runtime Environment"/>
    <property name="file.encoding" value="UTF-8"/>
    <property name="spring.beaninfo.ignore" value="true"/>
    <property name="java.vm.name" value="OpenJDK 64-Bit Server VM"/>
    <property name="java.vendor.version" value="JBR-17.0.9+8-1166.2-nomod"/>
    <property name="localRepository" value="/home/nhnacademy/.m2/repository"/>
    <property name="java.vendor.url.bug" value="https://bugreport.java.com/bugreport/"/>
    <property name="java.io.tmpdir" value="/tmp"/>
    <property name="idea.version" value="2023.3.3"/>
    <property name="com.zaxxer.hikari.pool_number" value="2"/>
    <property name="java.version" value="17.0.9"/>
    <property name="user.dir" value="/home/nhnacademy/다운로드/쇼핑몰2/shoppingmall-api"/>
    <property name="os.arch" value="amd64"/>
    <property name="java.vm.specification.name" value="Java Virtual Machine Specification"/>
    <property name="PID" value="66309"/>
    <property name="CONSOLE_LOG_CHARSET" value="UTF-8"/>
    <property name="native.encoding" value="UTF-8"/>
    <property name="sonar.projectKey" value="a9036530"/>
    <property name="java.library.path" value="/usr/java/packages/lib:/usr/lib64:/lib64:/lib:/usr/lib"/>
    <property name="java.vm.info" value="mixed mode"/>
    <property name="java.vendor" value="JetBrains s.r.o."/>
    <property name="java.vm.version" value="17.0.9+8-b1166.2"/>
    <property name="sun.io.unicode.encoding" value="UnicodeLittle"/>
    <property name="java.class.version" value="61.0"/>
  </properties>
  <testcase name="존재하는 로그인 아이디 테스트" classname="com.nhnacademy.shoppingmall.repository.UserRepositoryTest" time="0.134">
    <system-out><![CDATA[2024-03-07 20:23:34.407  INFO 66309 --- [           main] b.t.a.o.j.DataJpaTestContextBootstrapper : Neither @ContextConfiguration nor @ContextHierarchy found for test class [com.nhnacademy.shoppingmall.repository.UserRepositoryTest], using SpringBootContextLoader
2024-03-07 20:23:34.407  INFO 66309 --- [           main] o.s.t.c.support.AbstractContextLoader    : Could not detect default resource locations for test class [com.nhnacademy.shoppingmall.repository.UserRepositoryTest]: no resource found for suffixes {-context.xml, Context.groovy}.
2024-03-07 20:23:34.407  INFO 66309 --- [           main] t.c.s.AnnotationConfigContextLoaderUtils : Could not detect default configuration classes for test class [com.nhnacademy.shoppingmall.repository.UserRepositoryTest]: UserRepositoryTest does not declare any static, non-private, non-final, nested classes annotated with @Configuration.
2024-03-07 20:23:34.415  INFO 66309 --- [           main] .b.t.c.SpringBootTestContextBootstrapper : Found @SpringBootConfiguration com.nhnacademy.shoppingmall.ShoppingmallApplication for test class com.nhnacademy.shoppingmall.repository.UserRepositoryTest
2024-03-07 20:23:34.416  INFO 66309 --- [           main] b.t.a.o.j.DataJpaTestContextBootstrapper : Loaded default TestExecutionListener class names from location [META-INF/spring.factories]: [org.springframework.boot.test.mock.mockito.MockitoTestExecutionListener, org.springframework.boot.test.mock.mockito.ResetMocksTestExecutionListener, org.springframework.boot.test.autoconfigure.restdocs.RestDocsTestExecutionListener, org.springframework.boot.test.autoconfigure.web.client.MockRestServiceServerResetTestExecutionListener, org.springframework.boot.test.autoconfigure.web.servlet.MockMvcPrintOnlyOnFailureTestExecutionListener, org.springframework.boot.test.autoconfigure.web.servlet.WebDriverTestExecutionListener, org.springframework.boot.test.autoconfigure.webservices.client.MockWebServiceServerTestExecutionListener, org.springframework.test.context.web.ServletTestExecutionListener, org.springframework.test.context.support.DirtiesContextBeforeModesTestExecutionListener, org.springframework.test.context.event.ApplicationEventsTestExecutionListener, org.springframework.test.context.support.DependencyInjectionTestExecutionListener, org.springframework.test.context.support.DirtiesContextTestExecutionListener, org.springframework.test.context.transaction.TransactionalTestExecutionListener, org.springframework.test.context.jdbc.SqlScriptsTestExecutionListener, org.springframework.test.context.event.EventPublishingTestExecutionListener]
2024-03-07 20:23:34.416  INFO 66309 --- [           main] b.t.a.o.j.DataJpaTestContextBootstrapper : Using TestExecutionListeners: [org.springframework.test.context.web.ServletTestExecutionListener@757b4a19, org.springframework.test.context.support.DirtiesContextBeforeModesTestExecutionListener@e26269a, org.springframework.test.context.event.ApplicationEventsTestExecutionListener@407d9fcd, org.springframework.boot.test.mock.mockito.MockitoTestExecutionListener@7f4fb4a3, org.springframework.boot.test.autoconfigure.SpringBootDependencyInjectionTestExecutionListener@50cb12d1, org.springframework.test.context.support.DirtiesContextTestExecutionListener@6fe6eca4, org.springframework.test.context.transaction.TransactionalTestExecutionListener@43c98562, org.springframework.test.context.jdbc.SqlScriptsTestExecutionListener@4121cb14, org.springframework.test.context.event.EventPublishingTestExecutionListener@49f4047b, org.springframework.boot.test.mock.mockito.ResetMocksTestExecutionListener@11af522d, org.springframework.boot.test.autoconfigure.restdocs.RestDocsTestExecutionListener@1e4227ef, org.springframework.boot.test.autoconfigure.web.client.MockRestServiceServerResetTestExecutionListener@51743658, org.springframework.boot.test.autoconfigure.web.servlet.MockMvcPrintOnlyOnFailureTestExecutionListener@38ca37d1, org.springframework.boot.test.autoconfigure.web.servlet.WebDriverTestExecutionListener@539f34df, org.springframework.boot.test.autoconfigure.webservices.client.MockWebServiceServerTestExecutionListener@5ced1c1c]
2024-03-07 20:23:34.418  INFO 66309 --- [           main] o.s.b.d.r.RestartApplicationListener     : Restart disabled due to context in which it is running

  .   ____          _            __ _ _
 /\\ / ___'_ __ _ _(_)_ __  __ _ \ \ \ \
( ( )\___ | '_ | '_| | '_ \/ _` | \ \ \ \
 \\/  ___)| |_)| | | | | || (_| |  ) ) ) )
  '  |____| .__|_| |_|_| |_\__, | / / / /
 =========|_|==============|___/=/_/_/_/
 :: Spring Boot ::               (v2.7.18)

2024-03-07 20:23:34.433  INFO 66309 --- [           main] c.n.s.repository.UserRepositoryTest      : Starting UserRepositoryTest using Java 17.0.9 on nhnacademy-Inspiron-14-5420 with PID 66309 (started by nhnacademy in /home/nhnacademy/다운로드/쇼핑몰2/shoppingmall-api)
2024-03-07 20:23:34.433  INFO 66309 --- [           main] c.n.s.repository.UserRepositoryTest      : No active profile set, falling back to 1 default profile: "default"
2024-03-07 20:23:34.481  INFO 66309 --- [           main] .s.d.r.c.RepositoryConfigurationDelegate : Bootstrapping Spring Data JPA repositories in DEFAULT mode.
2024-03-07 20:23:34.500  INFO 66309 --- [           main] .s.d.r.c.RepositoryConfigurationDelegate : Finished Spring Data repository scanning in 19 ms. Found 11 JPA repository interfaces.
2024-03-07 20:23:34.554  INFO 66309 --- [           main] o.hibernate.jpa.internal.util.LogHelper  : HHH000204: Processing PersistenceUnitInfo [name: default]
2024-03-07 20:23:34.558  INFO 66309 --- [           main] com.zaxxer.hikari.HikariDataSource       : HikariPool-2 - Starting...
2024-03-07 20:23:34.559  INFO 66309 --- [           main] com.zaxxer.hikari.HikariDataSource       : HikariPool-2 - Start completed.
2024-03-07 20:23:34.560  INFO 66309 --- [           main] org.hibernate.dialect.Dialect            : HHH000400: Using dialect: org.hibernate.dialect.MySQL8Dialect
Hibernate: 
    
    alter table `Review` 
       drop 
       foreign key `FKnj9qy0abu7q36agpvmv8o5j02`
Hibernate: 
    
    alter table `Review` 
       drop 
       foreign key `FK233djdtkich61ll3iebvyoih4`
Hibernate: 
    
    alter table `address` 
       drop 
       foreign key `FKl6b9lua3hqsgtj34clpv418fv`
Hibernate: 
    
    alter table `cart` 
       drop 
       foreign key `FKiw3dboymjaff8qrst6olsoir4`
Hibernate: 
    
    alter table `cart` 
       drop 
       foreign key `FKbmo4tkl6m9od5wdc8gdd65vrb`
Hibernate: 
    
    alter table `order` 
       drop 
       foreign key `FK5ds52cnxjw9c99ovccne0axk0`
Hibernate: 
    
    alter table `order_detail` 
       drop 
       foreign key `FKkkl8lqaxofq5cr97y5q9n6b0i`
Hibernate: 
    
    alter table `order_detail` 
       drop 
       foreign key `FKj1gw0pqsdwms2nko96l26h0hv`
Hibernate: 
    
    alter table `point` 
       drop 
       foreign key `FKhvoxigyrlivek6rhkb3xuusm0`
Hibernate: 
    
    alter table `product_image` 
       drop 
       foreign key `FK404iut26wg4pq85osw3vn0kwd`
Hibernate: 
    
    drop table if exists `Review`
Hibernate: 
    
    drop table if exists `address`
Hibernate: 
    
    drop table if exists `cart`
Hibernate: 
    
    drop table if exists `category`
Hibernate: 
    
    drop table if exists `order`
Hibernate: 
    
    drop table if exists `order_detail`
Hibernate: 
    
    drop table if exists `point`
Hibernate: 
    
    drop table if exists `product`
Hibernate: 
    
    drop table if exists `product_category`
Hibernate: 
    
    drop table if exists `product_image`
Hibernate: 
    
    drop table if exists `user`
Hibernate: 
    
    create table `Review` (
       `id` bigint not null auto_increment,
        `comment` varchar(255),
        `created_at` datetime(6),
        `rating` integer,
        `updated_at` datetime(6),
        `product_id` bigint,
        `user_id` bigint,
        primary key (`id`)
    ) engine=InnoDB
Hibernate: 
    
    create table `address` (
       `id` bigint not null auto_increment,
        `address` varchar(255),
        `address_detail` varchar(255),
        `default_yn` varchar(255),
        `type` varchar(255),
        `zip_code` varchar(255),
        `user_id` bigint,
        primary key (`id`)
    ) engine=InnoDB
Hibernate: 
    
    create table `cart` (
       `id` bigint not null auto_increment,
        `quantity` integer,
        `product_id` bigint,
        `user_id` bigint,
        primary key (`id`)
    ) engine=InnoDB
Hibernate: 
    
    create table `category` (
       `id` bigint not null auto_increment,
        `name` varchar(255),
        primary key (`id`)
    ) engine=InnoDB
Hibernate: 
    
    create table `order` (
       `id` bigint not null auto_increment,
        `order_date` datetime(6),
        `price` integer,
        `ship_date` datetime(6),
        `user_id` bigint,
        primary key (`id`)
    ) engine=InnoDB
Hibernate: 
    
    create table `order_detail` (
       `id` bigint not null auto_increment,
        `quantity` integer,
        `order_id` bigint,
        `product_id` bigint,
        primary key (`id`)
    ) engine=InnoDB
Hibernate: 
    
    create table `point` (
       `id` bigint not null auto_increment,
        `amount` integer,
        `record_date` datetime(6),
        `transaction_type` varchar(255),
        `user_id` bigint,
        primary key (`id`)
    ) engine=InnoDB
Hibernate: 
    
    create table `product` (
       `id` bigint not null auto_increment,
        `created_at` datetime(6),
        `deleted_yn` varchar(255) default 'N',
        `description` varchar(255),
        `model_name` varchar(255),
        `model_number` varchar(255),
        `quantity` integer,
        `thumbnail` varchar(255),
        `unit_cost` integer,
        primary key (`id`)
    ) engine=InnoDB
Hibernate: 
    
    create table `product_category` (
       `id` bigint not null auto_increment,
        `category_id` bigint,
        `product_id` bigint,
        primary key (`id`)
    ) engine=InnoDB
Hibernate: 
    
    create table `product_image` (
       `id` bigint not null auto_increment,
        `product_id` bigint,
        primary key (`id`)
    ) engine=InnoDB
Hibernate: 
    
    create table `user` (
       `id` bigint not null auto_increment,
        `auth` varchar(255),
        `birth_date` date,
        `created_at` datetime(6),
        `last_login_at` datetime(6),
        `login_id` varchar(255),
        `name` varchar(255),
        `password` varchar(255),
        `point` bigint,
        `terminated_yn` varchar(255) default 'N',
        primary key (`id`)
    ) engine=InnoDB
Hibernate: 
    
    alter table `Review` 
       add constraint `FKnj9qy0abu7q36agpvmv8o5j02` 
       foreign key (`product_id`) 
       references `product` (`id`)
Hibernate: 
    
    alter table `Review` 
       add constraint `FK233djdtkich61ll3iebvyoih4` 
       foreign key (`user_id`) 
       references `user` (`id`)
Hibernate: 
    
    alter table `address` 
       add constraint `FKl6b9lua3hqsgtj34clpv418fv` 
       foreign key (`user_id`) 
       references `user` (`id`)
Hibernate: 
    
    alter table `cart` 
       add constraint `FKiw3dboymjaff8qrst6olsoir4` 
       foreign key (`product_id`) 
       references `product` (`id`)
Hibernate: 
    
    alter table `cart` 
       add constraint `FKbmo4tkl6m9od5wdc8gdd65vrb` 
       foreign key (`user_id`) 
       references `user` (`id`)
Hibernate: 
    
    alter table `order` 
       add constraint `FK5ds52cnxjw9c99ovccne0axk0` 
       foreign key (`user_id`) 
       references `user` (`id`)
Hibernate: 
    
    alter table `order_detail` 
       add constraint `FKkkl8lqaxofq5cr97y5q9n6b0i` 
       foreign key (`order_id`) 
       references `order` (`id`)
Hibernate: 
    
    alter table `order_detail` 
       add constraint `FKj1gw0pqsdwms2nko96l26h0hv` 
       foreign key (`product_id`) 
       references `product` (`id`)
Hibernate: 
    
    alter table `point` 
       add constraint `FKhvoxigyrlivek6rhkb3xuusm0` 
       foreign key (`user_id`) 
       references `user` (`id`)
Hibernate: 
    
    alter table `product_image` 
       add constraint `FK404iut26wg4pq85osw3vn0kwd` 
       foreign key (`product_id`) 
       references `product` (`id`)
2024-03-07 20:23:34.676  INFO 66309 --- [           main] o.h.e.t.j.p.i.JtaPlatformInitiator       : HHH000490: Using JtaPlatform implementation: [org.hibernate.engine.transaction.jta.platform.internal.NoJtaPlatform]
2024-03-07 20:23:34.676  INFO 66309 --- [           main] j.LocalContainerEntityManagerFactoryBean : Initialized JPA EntityManagerFactory for persistence unit 'default'
2024-03-07 20:23:34.867  INFO 66309 --- [           main] c.n.s.repository.UserRepositoryTest      : Started UserRepositoryTest in 0.449 seconds (JVM running for 11.225)
2024-03-07 20:23:34.880  INFO 66309 --- [           main] o.s.t.c.transaction.TransactionContext   : Began transaction (1) for test context [DefaultTestContext@35529bcc testClass = UserRepositoryTest, testInstance = com.nhnacademy.shoppingmall.repository.UserRepositoryTest@4ec8aea9, testMethod = existsByLoginId@UserRepositoryTest, testException = [null], mergedContextConfiguration = [MergedContextConfiguration@65af2b8c testClass = UserRepositoryTest, locations = '{}', classes = '{class com.nhnacademy.shoppingmall.ShoppingmallApplication}', contextInitializerClasses = '[]', activeProfiles = '{}', propertySourceLocations = '{}', propertySourceProperties = '{org.springframework.boot.test.autoconfigure.orm.jpa.DataJpaTestContextBootstrapper=true}', contextCustomizers = set[[ImportsContextCustomizer@1dcf7c57 key = [org.springframework.boot.autoconfigure.transaction.TransactionAutoConfiguration, org.springframework.boot.autoconfigure.data.jpa.JpaRepositoriesAutoConfiguration, org.springframework.boot.autoconfigure.jdbc.DataSourceAutoConfiguration, org.springframework.boot.test.autoconfigure.orm.jpa.TestEntityManagerAutoConfiguration, org.springframework.boot.autoconfigure.cache.CacheAutoConfiguration, org.springframework.boot.autoconfigure.orm.jpa.HibernateJpaAutoConfiguration, org.springframework.boot.autoconfigure.sql.init.SqlInitializationAutoConfiguration, org.springframework.boot.autoconfigure.jdbc.JdbcTemplateAutoConfiguration, org.springframework.boot.test.autoconfigure.jdbc.TestDatabaseAutoConfiguration, org.springframework.boot.autoconfigure.flyway.FlywayAutoConfiguration, org.springframework.boot.autoconfigure.jdbc.DataSourceTransactionManagerAutoConfiguration, org.springframework.boot.autoconfigure.liquibase.LiquibaseAutoConfiguration]], org.springframework.boot.test.context.filter.ExcludeFilterContextCustomizer@56303475, org.springframework.boot.test.json.DuplicateJsonObjectContextCustomizerFactory$DuplicateJsonObjectContextCustomizer@c81fd12, org.springframework.boot.test.mock.mockito.MockitoContextCustomizer@0, org.springframework.boot.test.autoconfigure.OverrideAutoConfigurationContextCustomizerFactory$DisableAutoConfigurationContextCustomizer@2190c4a7, org.springframework.boot.test.autoconfigure.actuate.metrics.MetricsExportContextCustomizerFactory$DisableMetricExportContextCustomizer@6b474074, org.springframework.boot.test.autoconfigure.filter.TypeExcludeFiltersContextCustomizer@351584c0, org.springframework.boot.test.autoconfigure.properties.PropertyMappingContextCustomizer@a3aa7c6b, org.springframework.boot.test.autoconfigure.web.servlet.WebDriverContextCustomizerFactory$Customizer@e4d2696, org.springframework.boot.test.context.SpringBootTestArgs@1, org.springframework.boot.test.context.SpringBootTestWebEnvironment@0], contextLoader = 'org.springframework.boot.test.context.SpringBootContextLoader', parent = [null]], attributes = map['org.springframework.test.context.event.ApplicationEventsTestExecutionListener.recordApplicationEvents' -> false]]; transaction manager [org.springframework.orm.jpa.JpaTransactionManager@4be9b820]; rollback [true]
Hibernate: 
    /* insert com.nhnacademy.shoppingmall.enitiy.User
        */ insert 
        into
            `
            user` (
                `auth`, `birth_date`, `created_at`, `last_login_at`, `login_id`, `name`, `password`, `point`, `terminated_yn`
            ) 
        values
            (?, ?, ?, ?, ?, ?, ?, ?, ?)
Hibernate: 
    /* select
        generatedAlias0.id 
    from
        User as generatedAlias0 
    where
        generatedAlias0.loginId=:param0 */ select
            user0_.`id` as col_0_0_ 
        from
            `user` user0_ 
        where
            user0_.`login_id`=? limit ?
2024-03-07 20:23:35.002  INFO 66309 --- [           main] o.s.t.c.transaction.TransactionContext   : Rolled back transaction for test: [DefaultTestContext@35529bcc testClass = UserRepositoryTest, testInstance = com.nhnacademy.shoppingmall.repository.UserRepositoryTest@4ec8aea9, testMethod = existsByLoginId@UserRepositoryTest, testException = [null], mergedContextConfiguration = [MergedContextConfiguration@65af2b8c testClass = UserRepositoryTest, locations = '{}', classes = '{class com.nhnacademy.shoppingmall.ShoppingmallApplication}', contextInitializerClasses = '[]', activeProfiles = '{}', propertySourceLocations = '{}', propertySourceProperties = '{org.springframework.boot.test.autoconfigure.orm.jpa.DataJpaTestContextBootstrapper=true}', contextCustomizers = set[[ImportsContextCustomizer@1dcf7c57 key = [org.springframework.boot.autoconfigure.transaction.TransactionAutoConfiguration, org.springframework.boot.autoconfigure.data.jpa.JpaRepositoriesAutoConfiguration, org.springframework.boot.autoconfigure.jdbc.DataSourceAutoConfiguration, org.springframework.boot.test.autoconfigure.orm.jpa.TestEntityManagerAutoConfiguration, org.springframework.boot.autoconfigure.cache.CacheAutoConfiguration, org.springframework.boot.autoconfigure.orm.jpa.HibernateJpaAutoConfiguration, org.springframework.boot.autoconfigure.sql.init.SqlInitializationAutoConfiguration, org.springframework.boot.autoconfigure.jdbc.JdbcTemplateAutoConfiguration, org.springframework.boot.test.autoconfigure.jdbc.TestDatabaseAutoConfiguration, org.springframework.boot.autoconfigure.flyway.FlywayAutoConfiguration, org.springframework.boot.autoconfigure.jdbc.DataSourceTransactionManagerAutoConfiguration, org.springframework.boot.autoconfigure.liquibase.LiquibaseAutoConfiguration]], org.springframework.boot.test.context.filter.ExcludeFilterContextCustomizer@56303475, org.springframework.boot.test.json.DuplicateJsonObjectContextCustomizerFactory$DuplicateJsonObjectContextCustomizer@c81fd12, org.springframework.boot.test.mock.mockito.MockitoContextCustomizer@0, org.springframework.boot.test.autoconfigure.OverrideAutoConfigurationContextCustomizerFactory$DisableAutoConfigurationContextCustomizer@2190c4a7, org.springframework.boot.test.autoconfigure.actuate.metrics.MetricsExportContextCustomizerFactory$DisableMetricExportContextCustomizer@6b474074, org.springframework.boot.test.autoconfigure.filter.TypeExcludeFiltersContextCustomizer@351584c0, org.springframework.boot.test.autoconfigure.properties.PropertyMappingContextCustomizer@a3aa7c6b, org.springframework.boot.test.autoconfigure.web.servlet.WebDriverContextCustomizerFactory$Customizer@e4d2696, org.springframework.boot.test.context.SpringBootTestArgs@1, org.springframework.boot.test.context.SpringBootTestWebEnvironment@0], contextLoader = 'org.springframework.boot.test.context.SpringBootContextLoader', parent = [null]], attributes = map['org.springframework.test.context.event.ApplicationEventsTestExecutionListener.recordApplicationEvents' -> false]]
]]></system-out>
  </testcase>
  <testcase name="존재하지 않는 로그인 아이디 테스트" classname="com.nhnacademy.shoppingmall.repository.UserRepositoryTest" time="0.007">
    <system-out><![CDATA[2024-03-07 20:23:35.007  INFO 66309 --- [           main] o.s.t.c.transaction.TransactionContext   : Began transaction (1) for test context [DefaultTestContext@35529bcc testClass = UserRepositoryTest, testInstance = com.nhnacademy.shoppingmall.repository.UserRepositoryTest@3eeab865, testMethod = notExistsByLoginId@UserRepositoryTest, testException = [null], mergedContextConfiguration = [MergedContextConfiguration@65af2b8c testClass = UserRepositoryTest, locations = '{}', classes = '{class com.nhnacademy.shoppingmall.ShoppingmallApplication}', contextInitializerClasses = '[]', activeProfiles = '{}', propertySourceLocations = '{}', propertySourceProperties = '{org.springframework.boot.test.autoconfigure.orm.jpa.DataJpaTestContextBootstrapper=true}', contextCustomizers = set[[ImportsContextCustomizer@1dcf7c57 key = [org.springframework.boot.autoconfigure.transaction.TransactionAutoConfiguration, org.springframework.boot.autoconfigure.data.jpa.JpaRepositoriesAutoConfiguration, org.springframework.boot.autoconfigure.jdbc.DataSourceAutoConfiguration, org.springframework.boot.test.autoconfigure.orm.jpa.TestEntityManagerAutoConfiguration, org.springframework.boot.autoconfigure.cache.CacheAutoConfiguration, org.springframework.boot.autoconfigure.orm.jpa.HibernateJpaAutoConfiguration, org.springframework.boot.autoconfigure.sql.init.SqlInitializationAutoConfiguration, org.springframework.boot.autoconfigure.jdbc.JdbcTemplateAutoConfiguration, org.springframework.boot.test.autoconfigure.jdbc.TestDatabaseAutoConfiguration, org.springframework.boot.autoconfigure.flyway.FlywayAutoConfiguration, org.springframework.boot.autoconfigure.jdbc.DataSourceTransactionManagerAutoConfiguration, org.springframework.boot.autoconfigure.liquibase.LiquibaseAutoConfiguration]], org.springframework.boot.test.context.filter.ExcludeFilterContextCustomizer@56303475, org.springframework.boot.test.json.DuplicateJsonObjectContextCustomizerFactory$DuplicateJsonObjectContextCustomizer@c81fd12, org.springframework.boot.test.mock.mockito.MockitoContextCustomizer@0, org.springframework.boot.test.autoconfigure.OverrideAutoConfigurationContextCustomizerFactory$DisableAutoConfigurationContextCustomizer@2190c4a7, org.springframework.boot.test.autoconfigure.actuate.metrics.MetricsExportContextCustomizerFactory$DisableMetricExportContextCustomizer@6b474074, org.springframework.boot.test.autoconfigure.filter.TypeExcludeFiltersContextCustomizer@351584c0, org.springframework.boot.test.autoconfigure.properties.PropertyMappingContextCustomizer@a3aa7c6b, org.springframework.boot.test.autoconfigure.web.servlet.WebDriverContextCustomizerFactory$Customizer@e4d2696, org.springframework.boot.test.context.SpringBootTestArgs@1, org.springframework.boot.test.context.SpringBootTestWebEnvironment@0], contextLoader = 'org.springframework.boot.test.context.SpringBootContextLoader', parent = [null]], attributes = map['org.springframework.test.context.event.ApplicationEventsTestExecutionListener.recordApplicationEvents' -> false]]; transaction manager [org.springframework.orm.jpa.JpaTransactionManager@4be9b820]; rollback [true]
Hibernate: 
    /* select
        generatedAlias0.id 
    from
        User as generatedAlias0 
    where
        generatedAlias0.loginId=:param0 */ select
            user0_.`id` as col_0_0_ 
        from
            `user` user0_ 
        where
            user0_.`login_id`=? limit ?
2024-03-07 20:23:35.011  INFO 66309 --- [           main] o.s.t.c.transaction.TransactionContext   : Rolled back transaction for test: [DefaultTestContext@35529bcc testClass = UserRepositoryTest, testInstance = com.nhnacademy.shoppingmall.repository.UserRepositoryTest@3eeab865, testMethod = notExistsByLoginId@UserRepositoryTest, testException = [null], mergedContextConfiguration = [MergedContextConfiguration@65af2b8c testClass = UserRepositoryTest, locations = '{}', classes = '{class com.nhnacademy.shoppingmall.ShoppingmallApplication}', contextInitializerClasses = '[]', activeProfiles = '{}', propertySourceLocations = '{}', propertySourceProperties = '{org.springframework.boot.test.autoconfigure.orm.jpa.DataJpaTestContextBootstrapper=true}', contextCustomizers = set[[ImportsContextCustomizer@1dcf7c57 key = [org.springframework.boot.autoconfigure.transaction.TransactionAutoConfiguration, org.springframework.boot.autoconfigure.data.jpa.JpaRepositoriesAutoConfiguration, org.springframework.boot.autoconfigure.jdbc.DataSourceAutoConfiguration, org.springframework.boot.test.autoconfigure.orm.jpa.TestEntityManagerAutoConfiguration, org.springframework.boot.autoconfigure.cache.CacheAutoConfiguration, org.springframework.boot.autoconfigure.orm.jpa.HibernateJpaAutoConfiguration, org.springframework.boot.autoconfigure.sql.init.SqlInitializationAutoConfiguration, org.springframework.boot.autoconfigure.jdbc.JdbcTemplateAutoConfiguration, org.springframework.boot.test.autoconfigure.jdbc.TestDatabaseAutoConfiguration, org.springframework.boot.autoconfigure.flyway.FlywayAutoConfiguration, org.springframework.boot.autoconfigure.jdbc.DataSourceTransactionManagerAutoConfiguration, org.springframework.boot.autoconfigure.liquibase.LiquibaseAutoConfiguration]], org.springframework.boot.test.context.filter.ExcludeFilterContextCustomizer@56303475, org.springframework.boot.test.json.DuplicateJsonObjectContextCustomizerFactory$DuplicateJsonObjectContextCustomizer@c81fd12, org.springframework.boot.test.mock.mockito.MockitoContextCustomizer@0, org.springframework.boot.test.autoconfigure.OverrideAutoConfigurationContextCustomizerFactory$DisableAutoConfigurationContextCustomizer@2190c4a7, org.springframework.boot.test.autoconfigure.actuate.metrics.MetricsExportContextCustomizerFactory$DisableMetricExportContextCustomizer@6b474074, org.springframework.boot.test.autoconfigure.filter.TypeExcludeFiltersContextCustomizer@351584c0, org.springframework.boot.test.autoconfigure.properties.PropertyMappingContextCustomizer@a3aa7c6b, org.springframework.boot.test.autoconfigure.web.servlet.WebDriverContextCustomizerFactory$Customizer@e4d2696, org.springframework.boot.test.context.SpringBootTestArgs@1, org.springframework.boot.test.context.SpringBootTestWebEnvironment@0], contextLoader = 'org.springframework.boot.test.context.SpringBootContextLoader', parent = [null]], attributes = map['org.springframework.test.context.event.ApplicationEventsTestExecutionListener.recordApplicationEvents' -> false]]
]]></system-out>
  </testcase>
</testsuite>